<?xml version="1.0" encoding="UTF-8"?>
<testsuite name="ceiba.com.co.parqueadero.comando.controladores.integracion.TicketCommandControllerIntegrationTest" tests="6" skipped="0" failures="0" errors="0" timestamp="2019-07-10T14:03:49" hostname="PEDRO-RUIZ" time="0.488">
  <properties/>
  <testcase name="ingresarCarroYaIngresado" classname="ceiba.com.co.parqueadero.comando.controladores.integracion.TicketCommandControllerIntegrationTest" time="0.289"/>
  <testcase name="ingresarCarroSinCupo" classname="ceiba.com.co.parqueadero.comando.controladores.integracion.TicketCommandControllerIntegrationTest" time="0.072"/>
  <testcase name="sacarCarroNoRegistrado" classname="ceiba.com.co.parqueadero.comando.controladores.integracion.TicketCommandControllerIntegrationTest" time="0.027"/>
  <testcase name="ingresarCarro" classname="ceiba.com.co.parqueadero.comando.controladores.integracion.TicketCommandControllerIntegrationTest" time="0.067"/>
  <testcase name="ingresarMoto" classname="ceiba.com.co.parqueadero.comando.controladores.integracion.TicketCommandControllerIntegrationTest" time="0.011"/>
  <testcase name="registrarSalida" classname="ceiba.com.co.parqueadero.comando.controladores.integracion.TicketCommandControllerIntegrationTest" time="0.019"/>
  <system-out><![CDATA[09:03:42.698 [Test worker] DEBUG org.springframework.test.context.junit4.SpringJUnit4ClassRunner - SpringJUnit4ClassRunner constructor called with [class ceiba.com.co.parqueadero.comando.controladores.integracion.TicketCommandControllerIntegrationTest]
09:03:42.706 [Test worker] DEBUG org.springframework.test.context.BootstrapUtils - Instantiating CacheAwareContextLoaderDelegate from class [org.springframework.test.context.cache.DefaultCacheAwareContextLoaderDelegate]
09:03:42.713 [Test worker] DEBUG org.springframework.test.context.BootstrapUtils - Instantiating BootstrapContext using constructor [public org.springframework.test.context.support.DefaultBootstrapContext(java.lang.Class,org.springframework.test.context.CacheAwareContextLoaderDelegate)]
09:03:42.731 [Test worker] DEBUG org.springframework.test.context.BootstrapUtils - Instantiating TestContextBootstrapper for test class [ceiba.com.co.parqueadero.comando.controladores.integracion.TicketCommandControllerIntegrationTest] from class [org.springframework.boot.test.context.SpringBootTestContextBootstrapper]
09:03:42.744 [Test worker] INFO org.springframework.boot.test.context.SpringBootTestContextBootstrapper - Neither @ContextConfiguration nor @ContextHierarchy found for test class [ceiba.com.co.parqueadero.comando.controladores.integracion.TicketCommandControllerIntegrationTest], using SpringBootContextLoader
09:03:42.747 [Test worker] DEBUG org.springframework.test.context.support.AbstractContextLoader - Did not detect default resource location for test class [ceiba.com.co.parqueadero.comando.controladores.integracion.TicketCommandControllerIntegrationTest]: class path resource [ceiba/com/co/parqueadero/comando/controladores/integracion/TicketCommandControllerIntegrationTest-context.xml] does not exist
09:03:42.747 [Test worker] DEBUG org.springframework.test.context.support.AbstractContextLoader - Did not detect default resource location for test class [ceiba.com.co.parqueadero.comando.controladores.integracion.TicketCommandControllerIntegrationTest]: class path resource [ceiba/com/co/parqueadero/comando/controladores/integracion/TicketCommandControllerIntegrationTestContext.groovy] does not exist
09:03:42.747 [Test worker] INFO org.springframework.test.context.support.AbstractContextLoader - Could not detect default resource locations for test class [ceiba.com.co.parqueadero.comando.controladores.integracion.TicketCommandControllerIntegrationTest]: no resource found for suffixes {-context.xml, Context.groovy}.
09:03:42.748 [Test worker] INFO org.springframework.test.context.support.AnnotationConfigContextLoaderUtils - Could not detect default configuration classes for test class [ceiba.com.co.parqueadero.comando.controladores.integracion.TicketCommandControllerIntegrationTest]: TicketCommandControllerIntegrationTest does not declare any static, non-private, non-final, nested classes annotated with @Configuration.
09:03:42.802 [Test worker] DEBUG org.springframework.test.context.support.ActiveProfilesUtils - Could not find an 'annotation declaring class' for annotation type [org.springframework.test.context.ActiveProfiles] and class [ceiba.com.co.parqueadero.comando.controladores.integracion.TicketCommandControllerIntegrationTest]
09:03:42.880 [Test worker] DEBUG org.springframework.context.annotation.ClassPathScanningCandidateComponentProvider - Identified candidate component class: file [D:\estacionamiento\build\classes\java\main\ceiba\com\co\parqueadero\ParqueaderoApplication.class]
09:03:42.881 [Test worker] INFO org.springframework.boot.test.context.SpringBootTestContextBootstrapper - Found @SpringBootConfiguration ceiba.com.co.parqueadero.ParqueaderoApplication for test class ceiba.com.co.parqueadero.comando.controladores.integracion.TicketCommandControllerIntegrationTest
09:03:42.974 [Test worker] DEBUG org.springframework.boot.test.context.SpringBootTestContextBootstrapper - @TestExecutionListeners is not present for class [ceiba.com.co.parqueadero.comando.controladores.integracion.TicketCommandControllerIntegrationTest]: using defaults.
09:03:42.975 [Test worker] INFO org.springframework.boot.test.context.SpringBootTestContextBootstrapper - Loaded default TestExecutionListener class names from location [META-INF/spring.factories]: [org.springframework.boot.test.autoconfigure.restdocs.RestDocsTestExecutionListener, org.springframework.boot.test.autoconfigure.web.client.MockRestServiceServerResetTestExecutionListener, org.springframework.boot.test.autoconfigure.web.servlet.MockMvcPrintOnlyOnFailureTestExecutionListener, org.springframework.boot.test.autoconfigure.web.servlet.WebDriverTestExecutionListener, org.springframework.boot.test.mock.mockito.MockitoTestExecutionListener, org.springframework.boot.test.mock.mockito.ResetMocksTestExecutionListener, org.springframework.test.context.web.ServletTestExecutionListener, org.springframework.test.context.support.DirtiesContextBeforeModesTestExecutionListener, org.springframework.test.context.support.DependencyInjectionTestExecutionListener, org.springframework.test.context.support.DirtiesContextTestExecutionListener, org.springframework.test.context.transaction.TransactionalTestExecutionListener, org.springframework.test.context.jdbc.SqlScriptsTestExecutionListener]
09:03:42.996 [Test worker] INFO org.springframework.boot.test.context.SpringBootTestContextBootstrapper - Using TestExecutionListeners: [org.springframework.test.context.web.ServletTestExecutionListener@60940dd1, org.springframework.test.context.support.DirtiesContextBeforeModesTestExecutionListener@63381eef, org.springframework.boot.test.mock.mockito.MockitoTestExecutionListener@6c13421, org.springframework.boot.test.autoconfigure.SpringBootDependencyInjectionTestExecutionListener@2c8acd7f, org.springframework.test.context.support.DirtiesContextTestExecutionListener@6c30b7ba, org.springframework.test.context.transaction.TransactionalTestExecutionListener@4f5c13b5, org.springframework.test.context.jdbc.SqlScriptsTestExecutionListener@40b35643, org.springframework.boot.test.autoconfigure.restdocs.RestDocsTestExecutionListener@3a288a1f, org.springframework.boot.test.autoconfigure.web.client.MockRestServiceServerResetTestExecutionListener@534c6787, org.springframework.boot.test.autoconfigure.web.servlet.MockMvcPrintOnlyOnFailureTestExecutionListener@7ca207e0, org.springframework.boot.test.autoconfigure.web.servlet.WebDriverTestExecutionListener@26795779, org.springframework.boot.test.mock.mockito.ResetMocksTestExecutionListener@587f59db]
09:03:43.000 [Test worker] DEBUG org.springframework.test.annotation.ProfileValueUtils - Retrieved @ProfileValueSourceConfiguration [null] for test class [ceiba.com.co.parqueadero.comando.controladores.integracion.TicketCommandControllerIntegrationTest]
09:03:43.001 [Test worker] DEBUG org.springframework.test.annotation.ProfileValueUtils - Retrieved ProfileValueSource type [class org.springframework.test.annotation.SystemProfileValueSource] for class [ceiba.com.co.parqueadero.comando.controladores.integracion.TicketCommandControllerIntegrationTest]
09:03:43.002 [Test worker] DEBUG org.springframework.test.annotation.ProfileValueUtils - Retrieved @ProfileValueSourceConfiguration [null] for test class [ceiba.com.co.parqueadero.comando.controladores.integracion.TicketCommandControllerIntegrationTest]
09:03:43.002 [Test worker] DEBUG org.springframework.test.annotation.ProfileValueUtils - Retrieved ProfileValueSource type [class org.springframework.test.annotation.SystemProfileValueSource] for class [ceiba.com.co.parqueadero.comando.controladores.integracion.TicketCommandControllerIntegrationTest]
09:03:43.007 [Test worker] DEBUG org.springframework.test.context.support.AbstractDirtiesContextTestExecutionListener - Before test class: context [DefaultTestContext@2ef0c8c5 testClass = TicketCommandControllerIntegrationTest, testInstance = [null], testMethod = [null], testException = [null], mergedContextConfiguration = [WebMergedContextConfiguration@2fc00009 testClass = TicketCommandControllerIntegrationTest, locations = '{}', classes = '{class ceiba.com.co.parqueadero.ParqueaderoApplication}', contextInitializerClasses = '[]', activeProfiles = '{}', propertySourceLocations = '{classpath:application-test.properties}', propertySourceProperties = '{org.springframework.boot.test.context.SpringBootTestContextBootstrapper=true}', contextCustomizers = set[org.springframework.boot.test.autoconfigure.properties.PropertyMappingContextCustomizer@0, org.springframework.boot.test.autoconfigure.web.servlet.WebDriverContextCustomizerFactory$Customizer@741d784, org.springframework.boot.test.context.filter.ExcludeFilterContextCustomizer@7c16d43a, org.springframework.boot.test.json.DuplicateJsonObjectContextCustomizerFactory$DuplicateJsonObjectContextCustomizer@611fc069, org.springframework.boot.test.mock.mockito.MockitoContextCustomizer@0, org.springframework.boot.test.web.client.TestRestTemplateContextCustomizer@795d4c4d], resourceBasePath = 'src/main/webapp', contextLoader = 'org.springframework.boot.test.context.SpringBootContextLoader', parent = [null]], attributes = map['org.springframework.test.context.web.ServletTestExecutionListener.activateListener' -> true]], class annotated with @DirtiesContext [false] with mode [null].
09:03:43.009 [Test worker] DEBUG org.springframework.test.annotation.ProfileValueUtils - Retrieved @ProfileValueSourceConfiguration [null] for test class [ceiba.com.co.parqueadero.comando.controladores.integracion.TicketCommandControllerIntegrationTest]
09:03:43.009 [Test worker] DEBUG org.springframework.test.annotation.ProfileValueUtils - Retrieved ProfileValueSource type [class org.springframework.test.annotation.SystemProfileValueSource] for class [ceiba.com.co.parqueadero.comando.controladores.integracion.TicketCommandControllerIntegrationTest]
09:03:43.031 [Test worker] DEBUG org.springframework.test.context.support.TestPropertySourceUtils - Adding inlined properties to environment: {spring.jmx.enabled=false, org.springframework.boot.test.context.SpringBootTestContextBootstrapper=true, server.port=-1}

  .   ____          _            __ _ _
 /\\ / ___'_ __ _ _(_)_ __  __ _ \ \ \ \
( ( )\___ | '_ | '_| | '_ \/ _` | \ \ \ \
 \\/  ___)| |_)| | | | | || (_| |  ) ) ) )
  '  |____| .__|_| |_|_| |_\__, | / / / /
 =========|_|==============|___/=/_/_/_/
 :: Spring Boot ::        (v2.1.6.RELEASE)

2019-07-10 09:03:43.346  INFO 13080 --- [    Test worker] i.TicketCommandControllerIntegrationTest : Starting TicketCommandControllerIntegrationTest on PEDRO-RUIZ with PID 13080 (started by pedro.ruiz in D:\estacionamiento)
2019-07-10 09:03:43.348  INFO 13080 --- [    Test worker] i.TicketCommandControllerIntegrationTest : No active profile set, falling back to default profiles: default
2019-07-10 09:03:44.457  INFO 13080 --- [    Test worker] .s.d.r.c.RepositoryConfigurationDelegate : Bootstrapping Spring Data repositories in DEFAULT mode.
2019-07-10 09:03:44.569  INFO 13080 --- [    Test worker] .s.d.r.c.RepositoryConfigurationDelegate : Finished Spring Data repository scanning in 99ms. Found 1 repository interfaces.
2019-07-10 09:03:45.027  INFO 13080 --- [    Test worker] trationDelegate$BeanPostProcessorChecker : Bean 'org.springframework.transaction.annotation.ProxyTransactionManagementConfiguration' of type [org.springframework.transaction.annotation.ProxyTransactionManagementConfiguration$$EnhancerBySpringCGLIB$$698fa11b] is not eligible for getting processed by all BeanPostProcessors (for example: not eligible for auto-proxying)
2019-07-10 09:03:45.332  INFO 13080 --- [    Test worker] com.zaxxer.hikari.HikariDataSource       : HikariPool-1 - Starting...
2019-07-10 09:03:45.575  INFO 13080 --- [    Test worker] com.zaxxer.hikari.HikariDataSource       : HikariPool-1 - Start completed.
2019-07-10 09:03:45.655  INFO 13080 --- [    Test worker] o.hibernate.jpa.internal.util.LogHelper  : HHH000204: Processing PersistenceUnitInfo [
	name: default
	...]
2019-07-10 09:03:45.734  INFO 13080 --- [    Test worker] org.hibernate.Version                    : HHH000412: Hibernate Core {5.3.10.Final}
2019-07-10 09:03:45.737  INFO 13080 --- [    Test worker] org.hibernate.cfg.Environment            : HHH000206: hibernate.properties not found
2019-07-10 09:03:45.925  INFO 13080 --- [    Test worker] o.hibernate.annotations.common.Version   : HCANN000001: Hibernate Commons Annotations {5.0.4.Final}
2019-07-10 09:03:46.092  INFO 13080 --- [    Test worker] org.hibernate.dialect.Dialect            : HHH000400: Using dialect: org.hibernate.dialect.H2Dialect
2019-07-10 09:03:46.684  INFO 13080 --- [    Test worker] o.h.t.schema.internal.SchemaCreatorImpl  : HHH000476: Executing import script 'org.hibernate.tool.schema.internal.exec.ScriptSourceInputNonExistentImpl@6ba6611f'
2019-07-10 09:03:46.687  INFO 13080 --- [    Test worker] j.LocalContainerEntityManagerFactoryBean : Initialized JPA EntityManagerFactory for persistence unit 'default'
2019-07-10 09:03:47.109  INFO 13080 --- [    Test worker] o.h.h.i.QueryTranslatorFactoryInitiator  : HHH000397: Using ASTQueryTranslatorFactory
2019-07-10 09:03:48.488  INFO 13080 --- [    Test worker] o.s.s.concurrent.ThreadPoolTaskExecutor  : Initializing ExecutorService 'applicationTaskExecutor'
2019-07-10 09:03:48.565  WARN 13080 --- [    Test worker] aWebConfiguration$JpaWebMvcConfiguration : spring.jpa.open-in-view is enabled by default. Therefore, database queries may be performed during view rendering. Explicitly configure spring.jpa.open-in-view to disable this warning
2019-07-10 09:03:49.109  INFO 13080 --- [    Test worker] i.TicketCommandControllerIntegrationTest : Started TicketCommandControllerIntegrationTest in 6.069 seconds (JVM running for 7.401)
]]></system-out>
  <system-err><![CDATA[]]></system-err>
</testsuite>
