<?xml version="1.0" encoding="UTF-8"?>
<testsuite name="ceiba.com.co.parqueadero.comando.dominio.unitarias.TestVigilante" tests="2" skipped="0" failures="0" errors="0" timestamp="2019-07-10T14:03:49" hostname="PEDRO-RUIZ" time="0.017">
  <properties/>
  <testcase name="registrarCarroEnDiaNoHabil" classname="ceiba.com.co.parqueadero.comando.dominio.unitarias.TestVigilante" time="0.013"/>
  <testcase name="registrarCarroEnDiaHabil" classname="ceiba.com.co.parqueadero.comando.dominio.unitarias.TestVigilante" time="0.002"/>
  <system-out><![CDATA[]]></system-out>
  <system-err><![CDATA[]]></system-err>
</testsuite>
