<?xml version="1.0" encoding="UTF-8"?>
<testsuite name="ceiba.com.co.parqueadero.comando.dominio.unitarias.TestMoto" tests="4" skipped="0" failures="0" errors="0" timestamp="2019-07-10T14:03:49" hostname="PEDRO-RUIZ" time="0.013">
  <properties/>
  <testcase name="calcularPrecioCuandoCumpleNueveHoras" classname="ceiba.com.co.parqueadero.comando.dominio.unitarias.TestMoto" time="0.004"/>
  <testcase name="calcularPrecioParaAltoCilindraje" classname="ceiba.com.co.parqueadero.comando.dominio.unitarias.TestMoto" time="0.003"/>
  <testcase name="calcularPrecioPorHoras" classname="ceiba.com.co.parqueadero.comando.dominio.unitarias.TestMoto" time="0.003"/>
  <testcase name="calcularPrecioPorUnDia" classname="ceiba.com.co.parqueadero.comando.dominio.unitarias.TestMoto" time="0.002"/>
  <system-out><![CDATA[2019-07-10 09:03:49.703  INFO 13080 --- [    Test worker] .b.t.c.SpringBootTestContextBootstrapper : Neither @ContextConfiguration nor @ContextHierarchy found for test class [ceiba.com.co.parqueadero.comando.dominio.unitarias.TestMoto], using SpringBootContextLoader
2019-07-10 09:03:49.704  INFO 13080 --- [    Test worker] o.s.t.c.support.AbstractContextLoader    : Could not detect default resource locations for test class [ceiba.com.co.parqueadero.comando.dominio.unitarias.TestMoto]: no resource found for suffixes {-context.xml, Context.groovy}.
2019-07-10 09:03:49.704  INFO 13080 --- [    Test worker] t.c.s.AnnotationConfigContextLoaderUtils : Could not detect default configuration classes for test class [ceiba.com.co.parqueadero.comando.dominio.unitarias.TestMoto]: TestMoto does not declare any static, non-private, non-final, nested classes annotated with @Configuration.
2019-07-10 09:03:49.706  INFO 13080 --- [    Test worker] .b.t.c.SpringBootTestContextBootstrapper : Found @SpringBootConfiguration ceiba.com.co.parqueadero.ParqueaderoApplication for test class ceiba.com.co.parqueadero.comando.dominio.unitarias.TestMoto
2019-07-10 09:03:49.707  INFO 13080 --- [    Test worker] .b.t.c.SpringBootTestContextBootstrapper : Loaded default TestExecutionListener class names from location [META-INF/spring.factories]: [org.springframework.boot.test.autoconfigure.restdocs.RestDocsTestExecutionListener, org.springframework.boot.test.autoconfigure.web.client.MockRestServiceServerResetTestExecutionListener, org.springframework.boot.test.autoconfigure.web.servlet.MockMvcPrintOnlyOnFailureTestExecutionListener, org.springframework.boot.test.autoconfigure.web.servlet.WebDriverTestExecutionListener, org.springframework.boot.test.mock.mockito.MockitoTestExecutionListener, org.springframework.boot.test.mock.mockito.ResetMocksTestExecutionListener, org.springframework.test.context.web.ServletTestExecutionListener, org.springframework.test.context.support.DirtiesContextBeforeModesTestExecutionListener, org.springframework.test.context.support.DependencyInjectionTestExecutionListener, org.springframework.test.context.support.DirtiesContextTestExecutionListener, org.springframework.test.context.transaction.TransactionalTestExecutionListener, org.springframework.test.context.jdbc.SqlScriptsTestExecutionListener]
2019-07-10 09:03:49.708  INFO 13080 --- [    Test worker] .b.t.c.SpringBootTestContextBootstrapper : Using TestExecutionListeners: [org.springframework.test.context.web.ServletTestExecutionListener@237eab0c, org.springframework.test.context.support.DirtiesContextBeforeModesTestExecutionListener@67d9beec, org.springframework.boot.test.mock.mockito.MockitoTestExecutionListener@32dc2938, org.springframework.boot.test.autoconfigure.SpringBootDependencyInjectionTestExecutionListener@55aa7c52, org.springframework.test.context.support.DirtiesContextTestExecutionListener@35a9b20, org.springframework.test.context.transaction.TransactionalTestExecutionListener@295e7b79, org.springframework.test.context.jdbc.SqlScriptsTestExecutionListener@7a181283, org.springframework.boot.test.autoconfigure.restdocs.RestDocsTestExecutionListener@7c56b97e, org.springframework.boot.test.autoconfigure.web.client.MockRestServiceServerResetTestExecutionListener@2b82ae4f, org.springframework.boot.test.autoconfigure.web.servlet.MockMvcPrintOnlyOnFailureTestExecutionListener@715d9df5, org.springframework.boot.test.autoconfigure.web.servlet.WebDriverTestExecutionListener@4b6b1557, org.springframework.boot.test.mock.mockito.ResetMocksTestExecutionListener@23fd80d]
]]></system-out>
  <system-err><![CDATA[]]></system-err>
</testsuite>
